-------------------------------------------------------------------------------
Test set: test.alta.CucumberTestSuite
-------------------------------------------------------------------------------
Tests run: 44, Failures: 0, Errors: 4, Skipped: 2, Time elapsed: 282.777 sec <<< FAILURE! - in test.alta.CucumberTestSuite
I input "ricky2" and "ricky345" on email field(Login with valid email and valid password #4)  Time elapsed: 33.636 sec  <<< ERROR!
org.openqa.selenium.TimeoutException: Expected condition failed: waiting for element to be clickable: By.xpath: /hierarchy/android.widget.FrameLayout/android.widget.LinearLayout/android.widget.FrameLayout/android.widget.FrameLayout/android.view.View/android.view.View/android.view.View/android.view.View/android.widget.EditText[2] (tried for 15 second(s) with 500 milliseconds interval)
Caused by: org.openqa.selenium.NoSuchElementException: 
An element could not be located on the page using the given search parameters.
For documentation on this error, please visit: https://www.seleniumhq.org/exceptions/no_such_element.html
Build info: version: '3.141.59', revision: 'e82be7d358', time: '2018-11-14T08:17:03'
System info: host: 'MSI', ip: '192.168.57.2', os.name: 'Windows 10', os.arch: 'amd64', os.version: '10.0', java.version: '15.0.2'
Driver info: io.appium.java_client.android.AndroidDriver
Capabilities {app: D:\Project\AltaMobile\app/a..., appPackage: com.example.frontend_mobile, autoGrantPermissions: true, automationName: UiAutomator2, databaseEnabled: false, desired: {app: D:\Project\AltaMobile\app/a..., autoGrantPermissions: true, automationName: UiAutomator2, newCommandTimeout: 100, noReset: true, platformName: android}, deviceApiLevel: 29, deviceManufacturer: Google, deviceModel: Android SDK built for x86, deviceName: emulator-5554, deviceScreenDensity: 440, deviceScreenSize: 1080x2280, deviceUDID: emulator-5554, javascriptEnabled: true, locationContextEnabled: false, networkConnectionEnabled: true, newCommandTimeout: 100, noReset: true, pixelRatio: 2.75, platform: LINUX, platformName: Android, platformVersion: 10, statBarHeight: 135, takesScreenshot: true, viewportRect: {height: 1842, left: 0, top: 135, width: 1080}, warnings: {}, webStorageEnabled: false}
Session ID: 8e4ff2b5-23d9-461f-8e60-c99b14d2f4d3
*** Element info: {Using=xpath, value=/hierarchy/android.widget.FrameLayout/android.widget.LinearLayout/android.widget.FrameLayout/android.widget.FrameLayout/android.view.View/android.view.View/android.view.View/android.view.View/android.widget.EditText[2]}

Login with valid email and valid password #4  Time elapsed: 0 sec  <<< ERROR!
org.openqa.selenium.TimeoutException: Expected condition failed: waiting for element to be clickable: By.xpath: /hierarchy/android.widget.FrameLayout/android.widget.LinearLayout/android.widget.FrameLayout/android.widget.FrameLayout/android.view.View/android.view.View/android.view.View/android.view.View/android.widget.EditText[2] (tried for 15 second(s) with 500 milliseconds interval)
Caused by: org.openqa.selenium.NoSuchElementException: 
An element could not be located on the page using the given search parameters.
For documentation on this error, please visit: https://www.seleniumhq.org/exceptions/no_such_element.html
Build info: version: '3.141.59', revision: 'e82be7d358', time: '2018-11-14T08:17:03'
System info: host: 'MSI', ip: '192.168.57.2', os.name: 'Windows 10', os.arch: 'amd64', os.version: '10.0', java.version: '15.0.2'
Driver info: io.appium.java_client.android.AndroidDriver
Capabilities {app: D:\Project\AltaMobile\app/a..., appPackage: com.example.frontend_mobile, autoGrantPermissions: true, automationName: UiAutomator2, databaseEnabled: false, desired: {app: D:\Project\AltaMobile\app/a..., autoGrantPermissions: true, automationName: UiAutomator2, newCommandTimeout: 100, noReset: true, platformName: android}, deviceApiLevel: 29, deviceManufacturer: Google, deviceModel: Android SDK built for x86, deviceName: emulator-5554, deviceScreenDensity: 440, deviceScreenSize: 1080x2280, deviceUDID: emulator-5554, javascriptEnabled: true, locationContextEnabled: false, networkConnectionEnabled: true, newCommandTimeout: 100, noReset: true, pixelRatio: 2.75, platform: LINUX, platformName: Android, platformVersion: 10, statBarHeight: 135, takesScreenshot: true, viewportRect: {height: 1842, left: 0, top: 135, width: 1080}, warnings: {}, webStorageEnabled: false}
Session ID: 8e4ff2b5-23d9-461f-8e60-c99b14d2f4d3
*** Element info: {Using=xpath, value=/hierarchy/android.widget.FrameLayout/android.widget.LinearLayout/android.widget.FrameLayout/android.widget.FrameLayout/android.view.View/android.view.View/android.view.View/android.view.View/android.widget.EditText[2]}

I am get "invaliddata" error message(Login with invalid data #1)  Time elapsed: 30.447 sec  <<< ERROR!
org.openqa.selenium.TimeoutException: Expected condition failed: waiting for visibility of element located by By.xpath: //android.view.View[@content-desc="Email atau password tidak valid."] (tried for 15 second(s) with 500 milliseconds interval)
Caused by: org.openqa.selenium.NoSuchElementException: 
An element could not be located on the page using the given search parameters.
For documentation on this error, please visit: https://www.seleniumhq.org/exceptions/no_such_element.html
Build info: version: '3.141.59', revision: 'e82be7d358', time: '2018-11-14T08:17:03'
System info: host: 'MSI', ip: '192.168.57.2', os.name: 'Windows 10', os.arch: 'amd64', os.version: '10.0', java.version: '15.0.2'
Driver info: io.appium.java_client.android.AndroidDriver
Capabilities {app: D:\Project\AltaMobile\app/a..., appPackage: com.example.frontend_mobile, autoGrantPermissions: true, automationName: UiAutomator2, databaseEnabled: false, desired: {app: D:\Project\AltaMobile\app/a..., autoGrantPermissions: true, automationName: UiAutomator2, newCommandTimeout: 100, noReset: true, platformName: android}, deviceApiLevel: 29, deviceManufacturer: Google, deviceModel: Android SDK built for x86, deviceName: emulator-5554, deviceScreenDensity: 440, deviceScreenSize: 1080x2280, deviceUDID: emulator-5554, javascriptEnabled: true, locationContextEnabled: false, networkConnectionEnabled: true, newCommandTimeout: 100, noReset: true, pixelRatio: 2.75, platform: LINUX, platformName: Android, platformVersion: 10, statBarHeight: 135, takesScreenshot: true, viewportRect: {height: 1842, left: 0, top: 135, width: 1080}, warnings: {}, webStorageEnabled: false}
Session ID: ec4c71a1-6c11-4365-8a16-d361133c1356
*** Element info: {Using=xpath, value=//android.view.View[@content-desc="Email atau password tidak valid."]}

Login with invalid data #1  Time elapsed: 30.472 sec  <<< ERROR!
org.openqa.selenium.TimeoutException: Expected condition failed: waiting for visibility of element located by By.xpath: //android.view.View[@content-desc="Email atau password tidak valid."] (tried for 15 second(s) with 500 milliseconds interval)
Caused by: org.openqa.selenium.NoSuchElementException: 
An element could not be located on the page using the given search parameters.
For documentation on this error, please visit: https://www.seleniumhq.org/exceptions/no_such_element.html
Build info: version: '3.141.59', revision: 'e82be7d358', time: '2018-11-14T08:17:03'
System info: host: 'MSI', ip: '192.168.57.2', os.name: 'Windows 10', os.arch: 'amd64', os.version: '10.0', java.version: '15.0.2'
Driver info: io.appium.java_client.android.AndroidDriver
Capabilities {app: D:\Project\AltaMobile\app/a..., appPackage: com.example.frontend_mobile, autoGrantPermissions: true, automationName: UiAutomator2, databaseEnabled: false, desired: {app: D:\Project\AltaMobile\app/a..., autoGrantPermissions: true, automationName: UiAutomator2, newCommandTimeout: 100, noReset: true, platformName: android}, deviceApiLevel: 29, deviceManufacturer: Google, deviceModel: Android SDK built for x86, deviceName: emulator-5554, deviceScreenDensity: 440, deviceScreenSize: 1080x2280, deviceUDID: emulator-5554, javascriptEnabled: true, locationContextEnabled: false, networkConnectionEnabled: true, newCommandTimeout: 100, noReset: true, pixelRatio: 2.75, platform: LINUX, platformName: Android, platformVersion: 10, statBarHeight: 135, takesScreenshot: true, viewportRect: {height: 1842, left: 0, top: 135, width: 1080}, warnings: {}, webStorageEnabled: false}
Session ID: ec4c71a1-6c11-4365-8a16-d361133c1356
*** Element info: {Using=xpath, value=//android.view.View[@content-desc="Email atau password tidak valid."]}

